SF:lib\models\task.dart
DA:26,2
DA:43,1
DA:44,1
DA:45,1
DA:46,1
DA:47,1
DA:48,1
DA:49,2
DA:53,1
DA:54,2
DA:61,1
DA:62,1
DA:63,1
DA:64,1
DA:65,1
DA:66,1
DA:67,1
DA:68,1
DA:69,3
DA:82,1
DA:83,1
DA:84,1
DA:85,1
DA:86,1
DA:87,1
DA:88,1
DA:89,1
DA:90,2
DA:91,1
DA:96,1
DA:97,1
DA:98,1
DA:99,1
DA:100,1
DA:101,1
DA:102,2
DA:103,1
DA:104,1
DA:105,3
DA:107,2
DA:115,2
DA:125,2
DA:126,2
DA:127,2
DA:128,2
DA:129,2
DA:130,2
DA:131,2
DA:132,2
DA:133,2
LF:50
LH:50
end_of_record
SF:lib\api\task_api.dart
DA:17,0
DA:19,0
DA:24,0
DA:25,0
DA:30,0
DA:39,0
DA:41,0
DA:42,0
DA:43,0
DA:44,0
DA:50,0
DA:51,0
DA:52,0
DA:53,0
DA:58,0
DA:64,0
DA:66,0
DA:67,0
DA:68,0
DA:69,0
DA:75,0
DA:76,0
DA:77,0
DA:78,0
DA:83,0
DA:89,0
DA:91,0
DA:92,0
DA:93,0
DA:94,0
DA:97,0
DA:98,0
DA:106,0
DA:112,0
DA:114,0
DA:115,0
DA:116,0
DA:117,0
DA:118,0
DA:120,0
DA:125,0
DA:127,0
DA:129,0
DA:130,0
DA:131,0
DA:133,0
DA:140,0
DA:142,0
DA:143,0
DA:144,0
DA:147,0
DA:148,0
DA:150,0
DA:151,0
DA:152,0
DA:154,0
DA:155,0
DA:157,0
DA:159,0
DA:160,0
DA:165,0
DA:168,0
DA:169,0
DA:170,0
DA:171,0
DA:174,0
DA:175,0
DA:180,0
DA:183,0
DA:184,0
DA:185,0
DA:186,0
DA:194,0
DA:200,0
DA:202,0
DA:205,0
DA:206,0
DA:207,0
DA:208,0
DA:211,0
DA:213,0
DA:219,0
DA:221,0
DA:222,0
DA:223,0
DA:226,0
DA:228,0
LF:87
LH:0
end_of_record
SF:lib\local\task_local_db.dart
DA:19,0
DA:21,0
DA:23,0
DA:24,0
DA:31,0
DA:34,0
DA:38,0
DA:39,0
DA:40,0
DA:43,0
DA:46,0
DA:51,0
DA:52,0
DA:71,0
DA:72,0
DA:74,0
DA:79,0
DA:83,0
DA:84,0
DA:86,0
DA:89,0
DA:93,0
DA:98,0
DA:99,0
DA:102,0
DA:103,0
DA:106,0
DA:108,0
DA:117,0
DA:118,0
DA:120,0
DA:122,0
DA:124,0
DA:126,0
DA:132,0
DA:133,0
DA:135,0
DA:138,0
DA:144,0
DA:145,0
DA:146,0
DA:149,0
DA:152,0
DA:153,0
DA:158,0
DA:160,0
DA:165,0
DA:169,0
DA:170,0
DA:171,0
LF:50
LH:0
end_of_record
SF:lib\providers\task_provider.dart
DA:11,2
DA:34,2
DA:35,2
DA:36,2
DA:37,2
DA:38,0
DA:39,2
DA:40,2
DA:41,2
DA:42,2
DA:45,1
DA:46,6
DA:53,1
DA:54,1
DA:55,1
DA:57,2
DA:59,1
DA:60,2
DA:61,2
DA:63,1
DA:66,1
DA:67,1
DA:71,1
DA:72,1
DA:73,1
DA:74,1
DA:76,2
DA:78,1
DA:81,1
DA:82,3
DA:83,3
DA:86,1
DA:88,1
DA:91,1
DA:92,1
DA:98,1
DA:99,1
DA:100,1
DA:101,1
DA:103,2
DA:105,1
DA:108,1
DA:109,3
DA:110,4
DA:113,1
DA:115,1
DA:118,1
DA:119,1
DA:125,1
DA:126,2
DA:127,2
DA:129,1
DA:130,1
DA:131,1
DA:132,2
DA:133,1
DA:143,1
DA:144,1
DA:146,1
DA:147,1
DA:148,1
DA:152,3
DA:153,1
DA:156,1
DA:157,1
DA:160,2
DA:163,2
DA:164,1
DA:165,1
DA:168,1
DA:171,2
DA:174,3
DA:175,1
DA:178,1
DA:181,1
DA:182,1
DA:183,1
DA:189,1
DA:190,1
DA:192,1
DA:195,1
DA:198,1
DA:201,1
DA:204,2
DA:205,1
DA:208,2
DA:209,1
DA:213,2
DA:217,1
DA:218,1
DA:220,2
DA:223,2
DA:227,6
DA:228,2
DA:229,2
DA:232,1
DA:236,1
DA:237,1
DA:242,1
DA:243,1
DA:251,1
DA:253,1
DA:254,1
DA:258,2
DA:260,6
DA:261,2
DA:262,2
DA:263,1
DA:267,1
DA:273,2
DA:274,1
DA:276,1
DA:281,1
DA:285,2
DA:287,6
DA:288,2
DA:289,2
DA:290,1
DA:295,0
DA:296,0
DA:300,0
DA:301,0
DA:309,1
DA:310,1
DA:313,3
DA:314,6
DA:315,1
DA:318,1
DA:324,3
DA:326,0
DA:327,0
DA:331,0
DA:332,0
DA:338,1
DA:339,1
DA:340,1
LF:136
LH:127
end_of_record
SF:lib\screens\login_screen.dart
DA:7,1
DA:9,1
DA:10,1
DA:20,1
DA:22,2
DA:23,2
DA:24,1
DA:27,0
DA:28,0
DA:30,0
DA:33,0
DA:34,0
DA:35,0
DA:36,0
DA:39,0
DA:40,0
DA:41,0
DA:45,0
DA:46,0
DA:47,0
DA:48,0
DA:55,1
DA:57,1
DA:58,1
DA:59,2
DA:61,1
DA:62,1
DA:63,1
DA:64,1
DA:65,1
DA:66,1
DA:67,1
DA:69,1
DA:70,1
DA:72,1
DA:73,1
DA:75,1
DA:78,0
DA:79,0
DA:82,0
DA:88,1
DA:89,1
DA:91,1
DA:92,1
DA:94,1
DA:95,1
DA:96,2
DA:99,1
DA:100,4
DA:104,1
DA:105,0
DA:106,0
DA:109,0
DA:115,1
DA:116,1
DA:117,1
DA:119,0
DA:120,0
DA:121,0
DA:122,0
DA:123,0
DA:124,0
DA:126,0
DA:128,0
DA:129,0
DA:130,0
DA:131,0
DA:133,0
LF:68
LH:36
end_of_record
